Performing C++ SOURCE FILE Test CMAKE_HAVE_LIBC_PTHREAD failed with the following output:
Change Dir: /home/saheed/DEV/MSc/KCliqueKernel/Submit/v_final/codeblocks-build/CMakeFiles/CMakeTmp

Run Build Command(s):/usr/bin/gmake cmTC_f851e/fast && /usr/bin/gmake  -f CMakeFiles/cmTC_f851e.dir/build.make CMakeFiles/cmTC_f851e.dir/build
gmake[1]: Entering directory '/home/saheed/DEV/MSc/KCliqueKernel/Submit/v_final/codeblocks-build/CMakeFiles/CMakeTmp'
Building CXX object CMakeFiles/cmTC_f851e.dir/src.cxx.o
/usr/bin/c++ -DCMAKE_HAVE_LIBC_PTHREAD  -Werror -Wall -Wextra  -std=gnu++17 -o CMakeFiles/cmTC_f851e.dir/src.cxx.o -c /home/saheed/DEV/MSc/KCliqueKernel/Submit/v_final/codeblocks-build/CMakeFiles/CMakeTmp/src.cxx
Linking CXX executable cmTC_f851e
/usr/local/bin/cmake -E cmake_link_script CMakeFiles/cmTC_f851e.dir/link.txt --verbose=1
/usr/bin/c++ -Werror -Wall -Wextra  CMakeFiles/cmTC_f851e.dir/src.cxx.o -o cmTC_f851e 
CMakeFiles/cmTC_f851e.dir/src.cxx.o: In function `main':
src.cxx:(.text+0x2d): undefined reference to `pthread_create'
src.cxx:(.text+0x39): undefined reference to `pthread_detach'
src.cxx:(.text+0x45): undefined reference to `pthread_cancel'
src.cxx:(.text+0x56): undefined reference to `pthread_join'
collect2: error: ld returned 1 exit status
gmake[1]: *** [CMakeFiles/cmTC_f851e.dir/build.make:106: cmTC_f851e] Error 1
gmake[1]: Leaving directory '/home/saheed/DEV/MSc/KCliqueKernel/Submit/v_final/codeblocks-build/CMakeFiles/CMakeTmp'
gmake: *** [Makefile:140: cmTC_f851e/fast] Error 2


Source file was:
#include <pthread.h>

static void* test_func(void* data)
{
  return data;
}

int main(void)
{
  pthread_t thread;
  pthread_create(&thread, NULL, test_func, NULL);
  pthread_detach(thread);
  pthread_cancel(thread);
  pthread_join(thread, NULL);
  pthread_atfork(NULL, NULL, NULL);
  pthread_exit(NULL);

  return 0;
}

Determining if the function pthread_create exists in the pthreads failed with the following output:
Change Dir: /home/saheed/DEV/MSc/KCliqueKernel/Submit/v_final/codeblocks-build/CMakeFiles/CMakeTmp

Run Build Command(s):/usr/bin/gmake cmTC_73bbb/fast && /usr/bin/gmake  -f CMakeFiles/cmTC_73bbb.dir/build.make CMakeFiles/cmTC_73bbb.dir/build
gmake[1]: Entering directory '/home/saheed/DEV/MSc/KCliqueKernel/Submit/v_final/codeblocks-build/CMakeFiles/CMakeTmp'
Building CXX object CMakeFiles/cmTC_73bbb.dir/CheckFunctionExists.cxx.o
/usr/bin/c++   -Werror -Wall -Wextra -DCHECK_FUNCTION_EXISTS=pthread_create -std=gnu++17 -o CMakeFiles/cmTC_73bbb.dir/CheckFunctionExists.cxx.o -c /home/saheed/DEV/MSc/KCliqueKernel/Submit/v_final/codeblocks-build/CMakeFiles/CheckLibraryExists/CheckFunctionExists.cxx
Linking CXX executable cmTC_73bbb
/usr/local/bin/cmake -E cmake_link_script CMakeFiles/cmTC_73bbb.dir/link.txt --verbose=1
/usr/bin/c++ -Werror -Wall -Wextra -DCHECK_FUNCTION_EXISTS=pthread_create CMakeFiles/cmTC_73bbb.dir/CheckFunctionExists.cxx.o -o cmTC_73bbb  -lpthreads 
/usr/bin/ld: cannot find -lpthreads
collect2: error: ld returned 1 exit status
gmake[1]: *** [CMakeFiles/cmTC_73bbb.dir/build.make:106: cmTC_73bbb] Error 1
gmake[1]: Leaving directory '/home/saheed/DEV/MSc/KCliqueKernel/Submit/v_final/codeblocks-build/CMakeFiles/CMakeTmp'
gmake: *** [Makefile:140: cmTC_73bbb/fast] Error 2



